<?xml version="1.0" encoding="UTF-8"?>
<testsuite xmlns:xsi="http://www.w3.org/2001/XMLSchema-instance" xsi:noNamespaceSchemaLocation="https://maven.apache.org/surefire/maven-surefire-plugin/xsd/surefire-test-report-3.0.xsd" version="3.0" name="LivreTest" time="0.384" tests="2" errors="0" skipped="0" failures="0">
  <properties>
[...]
</properties>
  <testcase name="testDeleteLivre" classname="LivreTest" time="0.073">
    <system-out><![CDATA[Livre supprimé : TestLivre de AuteurTest
Aucun livre trouvé pour : TestLivre AuteurTest
]]></system-out>
  </testcase>
  <testcase name="testAddAndFindLivre" classname="LivreTest" time="0.006">
    <system-out><![CDATA[Livre ajouté : TestLivre
]]></system-out>
  </testcase>
</testsuite>